PP 5655-EC6 IBM Enterprise COBOL for z/OS  6.3.0 P190821                 Date 01/20/2021  Time 15:26:05   Page     1

Invocation parameters:
 LIB,CICS,SQL

        IGYOS4090-I   The "LIB" option specification is no longer required.  COBOL library processing is always in effect.


Options in effect:
 NOADATA
   ADV
   AFP(NOVOLATILE)
   QUOTE
   ARCH(8)
   ARITH(COMPAT)
 NOAWO
 NOBLOCK0
   BUFSIZE(4096)
   CICS
   CODEPAGE(1140)
 NOCOMPILE(S)
 NOCOPYLOC
 NOCOPYRIGHT
 NOCURRENCY
   DATA(31)
   DBCS
 NODECK
 NODEFINE
 NODIAGTRUNC
   DISPSIGN(COMPAT)
 NODLL
 NODUMP
 NODYNAM
 NOEXIT
 NOEXPORTALL
 NOFASTSRT
   FLAG(I,I)
 NOFLAGSTD
   HGPR(PRESERVE)
 NOINITCHECK
 NOINITIAL
   INLINE
   INTDATE(ANSI)
 NOJTC
   LANGUAGE(EN)
   LINECOUNT(60)
 NOLIST
   LP(32)
 NOMAP
   MAXPCF(100000)
 NOMDECK
 NONAME
   NSYMBOL(NATIONAL)
 NONUMBER
 NONUMCHECK
   NUMPROC(NOPFD)
   OBJECT
 NOOFFSET
   OPTIMIZE(0)
   OUTDD(SYSOUT)PP 5655-EC6 IBM Enterprise COBOL for z/OS  6.3.0 P190821                 Date 01/20/2021  Time 15:26:05   Page     2

 NOPARMCHECK
   PGMNAME(COMPAT)
   QUALIFY(COMPAT)
   RENT
   RMODE(AUTO)
 NORULES
 NOSERVICE
   SEQUENCE
 NOSMARTBIN
   SOURCE
   SPACE(1)
   SQL
   SQLCCSID
 NOSQLIMS
 NOSSRANGE
 NOSTGOPT
   SUPPRESS
 NOTERM
 NOTEST(NODWARF,NOSOURCE,NOSEPARATE)
 NOTHREAD
   TRUNC(STD)
 NOVBREF
   VLR(STANDARD)
   VSAMOPENFS(COMPAT)
 NOWORD
   XMLPARSE(XMLSS)
   XREF(FULL)
   ZONEDATA(PFD)
   ZWB

        IGYOS4077-I   DSNH4790I DSNHPSRV  DSNHDECP HAS CCSID 37 IN EFFECT


        IGYOS4078-W   DSNH4791I DSNHPSRV  CCSID 1140 IS USED TO PROCESS SQL, BUT DSNHDECP HAS EBCDIC CCSID 37 IN EFFECT


        IGYOS4077-I   DSNH4760I DSNHPSRV  THE DB2 SQL COPROCESSOR IS USING THE LEVEL 2 INTERFACE UNDER DB2 V12



SQL Options in effect:
 ATTACH(TSO)
 CCSID(1140)
 CONNECT(2)
 DEC(15)
 DECP(DSNHDECP)
 SQLLEVEL(V12R1M500)
 ONEPASS
 PERIOD
 QUOTESQL
 STDSQL(NO)
 SQL(DB2)
 NOXREF
 NOSOURCE
 DSNHDECP LOADED FROM - (DSNC10.SDSNLOAD(DSNHDECP))


CICS Options in effect:PP 5655-EC6 IBM Enterprise COBOL for z/OS  6.3.0 P190821                 Date 01/20/2021  Time 15:26:05   Page     3

 CICS
 DEBUG
 EDF
 NATLANG(EN)
 APOST
 NOSYSEIB
 NOFEPI
 NOCPSM
 LINKAGE
 LENGTH
 COBOL2PP 5655-EC6 IBM Enterprise COBOL for z/OS  6.3.0 P190821       EPSCMORT  Date 01/20/2021  Time 15:26:05   Page     4
  LineID  PL SL  ----+-*A-1-B--+----2----+----3----+----4----+----5----+----6----+----7-|--+----8 Map and Cross Reference

  000001                ID DIVISION.
  000002                PROGRAM-ID. EPSCMORT.
  000003               *    THIS DEMONSTRATES CICS/DEBUG           - EPSDEMOS 2008
  000004               *
  000005               *    THIS PROGRAM WILL RECEIVE A DATE AND COVERT THE DATE TO
  000006               *    AN INTEGER IN A CALLED PROGRAM TO DETERMINE DAYS FROM
  000007               *    CURRENT DATE.
  000008               *
  000009               *    (C) 2017 IBM - JIM HILDNER RESERVED.
  000010                ENVIRONMENT DIVISION.
  000011                CONFIGURATION SECTION.
  000012                SOURCE-COMPUTER. IBM-FLEX-ES.
  000013                OBJECT-COMPUTER. IBM-FLEX-ES.
  000014               *
  000015                DATA DIVISION.
  000016                WORKING-STORAGE SECTION.
  000017               *
  000018                01  W-FLAGS.                                                              * *
  000019                    10  W-SEND-FLAG                    PIC X.
  000020                        88  SEND-ERASE                   VALUE '1'.
  000021                        88  SEND-DATAONLY                VALUE '2'.
  000022                        88  SEND-MAPONLY                 VALUE '3'.
  000023                        88  SEND-DATAONLY-ALARM          VALUE '4'.
  000024                        88  SEND-ALL                     VALUE '5'.
  000025
  000026                01 W-CONVERSIONS.
  000027                    05  W-PMT-CNVRT     PIC X(12).
  000028                    05  W-PMT-NUMBER
  000029                        REDEFINES W-PMT-CNVRT                                             27
  000030                                        PIC 9(10)V99.
  000031                    05  WS-FORMAT-NUMBER PIC Z,ZZZ,ZZ9.99.
  000032                    05  W-PRINC-CNVRT   PIC X(12).
  000033                    05  W-PRINC-NUMBER
  000034                        REDEFINES W-PRINC-CNVRT                                           32
  000035                                        PIC 9(10)V99.
  000036
  000037                01 W-CALL-PROGRAM                      PIC X(8).
  000038               *
  000039                01 W-RETIREMENT-WA                     PIC 9(4).
  000040                01 W-COMAREA-LENGTH                    PIC 9(4) COMP.
  000041
  000042                01  SQL-ERROR-MSG.
  000043                    03  FILLER              PIC X(11)      VALUE 'SQL ERROR: '.
  000044                    03  SQL-ERROR-CODE      PIC 9(5) DISPLAY.
  000045               *
  000046                    EXEC SQL
  000047                        INCLUDE SQLCA
  000048                    END-EXEC.
  000049C               01 SQLCA GLOBAL VOLATILE.
  000050C                   05 SQLCAID PIC X(8).
  000051C                   05 SQLCABC PIC S9(9) COMP-5.
  000052C                   05 SQLCODE PIC S9(9) COMP-5.
  000053C                   05 SQLERRM.
  000054C                     49 SQLERRML PIC S9(4) COMP-5.
  000055C                     49 SQLERRMC PIC X(70).
  000056C                   05 SQLERRP PIC X(8).
  000057C                   05 SQLERRD PIC S9(9) COMP-5PP 5655-EC6 IBM Enterprise COBOL for z/OS  6.3.0 P190821       EPSCMORT  Date 01/20/2021  Time 15:26:05   Page     5
  LineID  PL SL  ----+-*A-1-B--+----2----+----3----+----4----+----5----+----6----+----7-|--+----8 Map and Cross Reference

  000058C                              OCCURS 6 TIMES.
  000059C                   05 SQLWARN.
  000060C                     10 SQLWARN0 PIC X.
  000061C                     10 SQLWARN1 PIC X.
  000062C                     10 SQLWARN2 PIC X.
  000063C                     10 SQLWARN3 PIC X.
  000064C                     10 SQLWARN4 PIC X.
  000065C                     10 SQLWARN5 PIC X.
  000066C                     10 SQLWARN6 PIC X.
  000067C                     10 SQLWARN7 PIC X.
  000068C                   05 SQLEXT.
  000069C                     10 SQLWARN8 PIC X.
  000070C                     10 SQLWARN9 PIC X.
  000071C                     10 SQLWARNA PIC X.
  000072C                     10 SQLSTATE PIC X(5).
  000073               *
  000074                    EXEC SQL DECLARE SYSIBM.SYSDUMMY1 TABLE
  000075                    ( IBMREQD                        CHAR(1) NOT NULL
  000076                    ) END-EXEC.
  000077               *
  000078                01 IBMREQD                           PIC X(1).
  000079               *
  000080                01  END-OF-TRANS-MSG                 PIC X(30)
  000081                      VALUE 'END OF TRANSACTION - THANK YOU'.
  000082                01  BLANK-MSG                        PIC X(1) VALUE ' '.
  000083                    COPY DFHAID.
  000084C              *****************************************************************
  000085C              *                                                               *
  000086C              *                                                               *
  000087C              *                                                               *
  000088C              *     Licensed Materials - Property of IBM                      *
  000089C              *                                                               *
  000090C              *     "Restricted Materials of IBM"                             *
  000091C              *                                                               *
  000092C              *     5655-Y04                                                  *
  000093C              *                                                               *
  000094C              *     (C) Copyright IBM Corp. 1988, 2010"                       *
  000095C              *                                                               *
  000096C              *                                                               *
  000097C              *                                                               *
  000098C              *                                                               *
  000099C              *   STATUS = 7.2.0                                              *
  000100C              *                                                               *
  000101C              * CHANGE ACTIVITY :                                             *
  000102C              *                                                               *
  000103C              *   $SEG(DFHAID),COMP(BMS),PROD(CICS TS ):                      *
  000104C              *                                                               *
  000105C              *  PN= REASON REL YYMMDD HDXXIII : REMARKS                      *
  000106C              * $D1= I07991 670 100820 HDIGPG  : Translate unprintable char   *
  000107C              * $L0= Base   210 88     HD1MA   : Base                         *
  000108C              *                                                               *
  000109C              *****************************************************************
  000110C              *
  000111C              *
  000112C               01    DFHAID.
  000113C                 02  DFHNULL   PIC  X  VALUE IS X'00'.
  000114C                 02  DFHENTER  PIC  X  VALUE IS ''''.PP 5655-EC6 IBM Enterprise COBOL for z/OS  6.3.0 P190821       EPSCMORT  Date 01/20/2021  Time 15:26:05   Page     6
  LineID  PL SL  ----+-*A-1-B--+----2----+----3----+----4----+----5----+----6----+----7-|--+----8 Map and Cross Reference

  000115C                 02  DFHCLEAR  PIC  X  VALUE IS '_'.
  000116C                 02  DFHCLRP   PIC  X  VALUE IS '¦'.
  000117C                 02  DFHPEN    PIC  X  VALUE IS '='.
  000118C                 02  DFHOPID   PIC  X  VALUE IS 'W'.
  000119C                 02  DFHMSRE   PIC  X  VALUE IS 'X'.
  000120C                 02  DFHSTRF   PIC  X  VALUE IS 'h'.
  000121C                 02  DFHTRIG   PIC  X  VALUE IS '"'.
  000122C                 02  DFHPA1    PIC  X  VALUE IS '%'.
  000123C                 02  DFHPA2    PIC  X  VALUE IS '>'.
  000124C                 02  DFHPA3    PIC  X  VALUE IS ','.
  000125C                 02  DFHPF1    PIC  X  VALUE IS '1'.
  000126C                 02  DFHPF2    PIC  X  VALUE IS '2'.
  000127C                 02  DFHPF3    PIC  X  VALUE IS '3'.
  000128C                 02  DFHPF4    PIC  X  VALUE IS '4'.
  000129C                 02  DFHPF5    PIC  X  VALUE IS '5'.
  000130C                 02  DFHPF6    PIC  X  VALUE IS '6'.
  000131C                 02  DFHPF7    PIC  X  VALUE IS '7'.
  000132C                 02  DFHPF8    PIC  X  VALUE IS '8'.
  000133C                 02  DFHPF9    PIC  X  VALUE IS '9'.
  000134C                 02  DFHPF10   PIC  X  VALUE IS ':'.
  000135C                 02  DFHPF11   PIC  X  VALUE IS '#'.
  000136C                 02  DFHPF12   PIC  X  VALUE IS '@'.
  000137C                 02  DFHPF13   PIC  X  VALUE IS 'A'.
  000138C                 02  DFHPF14   PIC  X  VALUE IS 'B'.
  000139C                 02  DFHPF15   PIC  X  VALUE IS 'C'.
  000140C                 02  DFHPF16   PIC  X  VALUE IS 'D'.
  000141C                 02  DFHPF17   PIC  X  VALUE IS 'E'.
  000142C                 02  DFHPF18   PIC  X  VALUE IS 'F'.
  000143C                 02  DFHPF19   PIC  X  VALUE IS 'G'.
  000144C                 02  DFHPF20   PIC  X  VALUE IS 'H'.
  000145C                 02  DFHPF21   PIC  X  VALUE IS 'I'.
  000146C                 02  DFHPF22   PIC  X  VALUE IS '¢'.
  000147C                 02  DFHPF23   PIC  X  VALUE IS '.'.
  000148C                 02  DFHPF24   PIC  X  VALUE IS '<'.
  000149               *    COPY DFHEIBLK.
  000150                    COPY EPSMORT.
  000151C               01  EPMENUI.
  000152C                   02  FILLER PIC X(12).
  000153C                   02  LITLOANL    COMP  PIC  S9(4).
  000154C                   02  LITLOANF    PICTURE X.
  000155C                   02  FILLER REDEFINES LITLOANF.                                        154
  000156C                     03 LITLOANA    PICTURE X.
  000157C                   02  FILLER   PICTURE X(2).
  000158C                   02  LITLOANI  PIC X(23).
  000159C                   02  EPLOANL    COMP  PIC  S9(4).
  000160C                   02  EPLOANF    PICTURE X.
  000161C                   02  FILLER REDEFINES EPLOANF.                                         160
  000162C                     03 EPLOANA    PICTURE X.
  000163C                   02  FILLER   PICTURE X(2).
  000164C                   02  EPLOANI  PIC X(12).
  000165C                   02  LITYEARSL    COMP  PIC  S9(4).
  000166C                   02  LITYEARSF    PICTURE X.
  000167C                   02  FILLER REDEFINES LITYEARSF.                                       166
  000168C                     03 LITYEARSA    PICTURE X.
  000169C                   02  FILLER   PICTURE X(2).
  000170C                   02  LITYEARSI  PIC X(24).
  000171C                   02  EPYEARSL    COMP  PIC  S9(4).PP 5655-EC6 IBM Enterprise COBOL for z/OS  6.3.0 P190821       EPSCMORT  Date 01/20/2021  Time 15:26:05   Page     7
  LineID  PL SL  ----+-*A-1-B--+----2----+----3----+----4----+----5----+----6----+----7-|--+----8 Map and Cross Reference

  000172C                   02  EPYEARSF    PICTURE X.
  000173C                   02  FILLER REDEFINES EPYEARSF.                                        172
  000174C                     03 EPYEARSA    PICTURE X.
  000175C                   02  FILLER   PICTURE X(2).
  000176C                   02  EPYEARSI  PIC X(2).
  000177C                   02  EPDIFF1L    COMP  PIC  S9(4).
  000178C                   02  EPDIFF1F    PICTURE X.
  000179C                   02  FILLER REDEFINES EPDIFF1F.                                        178
  000180C                     03 EPDIFF1A    PICTURE X.
  000181C                   02  FILLER   PICTURE X(2).
  000182C                   02  EPDIFF1I  PIC X(22).
  000183C                   02  EPRATEL    COMP  PIC  S9(4).
  000184C                   02  EPRATEF    PICTURE X.
  000185C                   02  FILLER REDEFINES EPRATEF.                                         184
  000186C                     03 EPRATEA    PICTURE X.
  000187C                   02  FILLER   PICTURE X(2).
  000188C                   02  EPRATEI  PIC X(5).
  000189C                   02  EPDIFF2L    COMP  PIC  S9(4).
  000190C                   02  EPDIFF2F    PICTURE X.
  000191C                   02  FILLER REDEFINES EPDIFF2F.                                        190
  000192C                     03 EPDIFF2A    PICTURE X.
  000193C                   02  FILLER   PICTURE X(2).
  000194C                   02  EPDIFF2I  PIC X(22).
  000195C                   02  EPPAYMNTL    COMP  PIC  S9(4).
  000196C                   02  EPPAYMNTF    PICTURE X.
  000197C                   02  FILLER REDEFINES EPPAYMNTF.                                       196
  000198C                     03 EPPAYMNTA    PICTURE X.
  000199C                   02  FILLER   PICTURE X(2).
  000200C                   02  EPPAYMNTI  PIC X(12).
  000201C                   02  MSGERRL    COMP  PIC  S9(4).
  000202C                   02  MSGERRF    PICTURE X.
  000203C                   02  FILLER REDEFINES MSGERRF.                                         202
  000204C                     03 MSGERRA    PICTURE X.
  000205C                   02  FILLER   PICTURE X(2).
  000206C                   02  MSGERRI  PIC X(40).
  000207C               01  EPMENUO REDEFINES EPMENUI.                                            151
  000208C                   02  FILLER PIC X(12).
  000209C                   02  FILLER PICTURE X(3).
  000210C                   02  LITLOANC    PICTURE X.
  000211C                   02  LITLOANH    PICTURE X.
  000212C                   02  LITLOANO  PIC X(23).
  000213C                   02  FILLER PICTURE X(3).
  000214C                   02  EPLOANC    PICTURE X.
  000215C                   02  EPLOANH    PICTURE X.
  000216C                   02  EPLOANO  PIC X(12).
  000217C                   02  FILLER PICTURE X(3).
  000218C                   02  LITYEARSC    PICTURE X.
  000219C                   02  LITYEARSH    PICTURE X.
  000220C                   02  LITYEARSO  PIC X(24).
  000221C                   02  FILLER PICTURE X(3).
  000222C                   02  EPYEARSC    PICTURE X.
  000223C                   02  EPYEARSH    PICTURE X.
  000224C                   02  EPYEARSO  PIC X(2).
  000225C                   02  FILLER PICTURE X(3).
  000226C                   02  EPDIFF1C    PICTURE X.
  000227C                   02  EPDIFF1H    PICTURE X.
  000228C                   02  EPDIFF1O  PIC X(22).PP 5655-EC6 IBM Enterprise COBOL for z/OS  6.3.0 P190821       EPSCMORT  Date 01/20/2021  Time 15:26:05   Page     8
  LineID  PL SL  ----+-*A-1-B--+----2----+----3----+----4----+----5----+----6----+----7-|--+----8 Map and Cross Reference

  000229C                   02  FILLER PICTURE X(3).
  000230C                   02  EPRATEC    PICTURE X.
  000231C                   02  EPRATEH    PICTURE X.
  000232C                   02  EPRATEO  PIC X(5).
  000233C                   02  FILLER PICTURE X(3).
  000234C                   02  EPDIFF2C    PICTURE X.
  000235C                   02  EPDIFF2H    PICTURE X.
  000236C                   02  EPDIFF2O  PIC X(22).
  000237C                   02  FILLER PICTURE X(3).
  000238C                   02  EPPAYMNTC    PICTURE X.
  000239C                   02  EPPAYMNTH    PICTURE X.
  000240C                   02  EPPAYMNTO  PIC X(12).
  000241C                   02  FILLER PICTURE X(3).
  000242C                   02  MSGERRC    PICTURE X.
  000243C                   02  MSGERRH    PICTURE X.
  000244C                   02  MSGERRO  PIC X(40).
  000245
  000246                01  W-COMMUNICATION-AREA.
  000247                    COPY EPSMTCOM.
  000248C                  10  PROCESS-INDICATOR               PIC X.
  000249C
  000250C                  COPY EPSMTINP.
  000251C              * INPUT
  000252C                  10 EPSPCOM-PRINCIPLE-DATA   PIC S9(9)V99 COMP.
  000253C                  10 EPSPCOM-NUMBER-OF-YEARS  PIC S9(4)    COMP.
  000254C                  10 EPSPCOM-NUMBER-OF-MONTHS PIC S9(4)    COMP.
  000255C                  10 EPSPCOM-QUOTED-INTEREST-RATE
  000256C                                                PIC S9(2)v9(3) COMP.
  000257C                  10 EPSPCOM-YEAR-MONTH-IND   PIC X.
  000258C                  COPY EPSMTOUT.
  000259C              * OUTPUT
  000260C                  10 EPSPCOM-RETURN-MONTH-PAYMENT
  000261C                                              PIC S9(7)V99 COMP.
  000262C                  10 EPSPCOM-ERRMSG           PIC X(80).
  000263C                  10 EPSPCOM-PROGRAM-RETCODE  PIC 9(4).
  000264C                     88 EPS02-REQUEST-SUCCESS VALUE 0.
  000265C                  10 EPSPCOM-PROGRAM-RETCODE-RDF
  000266C                          REDEFINES EPSPCOM-PROGRAM-RETCODE                              263
  000267C                                              PIC X(4).
  000268
  000269                COPY EPSNBRPM.
  000270C               01  EPS-NUMBER-VALIDATION.
  000271C              * INPUT - change 7
  000272C                   03 EPSPARM-VALIDATE-DATA     PIC X(13).
  000273C                   03 EPSPARM-MAX-LENGTH        PIC 99.
  000274C              * OUTPUT
  000275C                   03 EPSPARM-NUMBER            PIC 9(13).
  000276C                   03 EPSPARM-DECIMAL           PIC V9(13).
  000277C                   03 EPSPARM-BINARY-NUMBER     PIC 9(9)V99 COMP.
  000278C                   03 EPSPARM-RETURN-ERROR      PIC X(80).
  000279C
  000280
  000281                LINKAGE SECTION.
  000282
  000283                01 DFHCOMMAREA.
  000284                COPY EPSMTCOM.
  000285C                  10  PROCESS-INDICATOR               PIC X.PP 5655-EC6 IBM Enterprise COBOL for z/OS  6.3.0 P190821       EPSCMORT  Date 01/20/2021  Time 15:26:05   Page     9
  LineID  PL SL  ----+-*A-1-B--+----2----+----3----+----4----+----5----+----6----+----7-|--+----8 Map and Cross Reference

  000286C
  000287C                  COPY EPSMTINP.
  000288C              * INPUT
  000289C                  10 EPSPCOM-PRINCIPLE-DATA   PIC S9(9)V99 COMP.
  000290C                  10 EPSPCOM-NUMBER-OF-YEARS  PIC S9(4)    COMP.
  000291C                  10 EPSPCOM-NUMBER-OF-MONTHS PIC S9(4)    COMP.
  000292C                  10 EPSPCOM-QUOTED-INTEREST-RATE
  000293C                                                PIC S9(2)v9(3) COMP.
  000294C                  10 EPSPCOM-YEAR-MONTH-IND   PIC X.
  000295C                  COPY EPSMTOUT.
  000296C              * OUTPUT
  000297C                  10 EPSPCOM-RETURN-MONTH-PAYMENT
  000298C                                              PIC S9(7)V99 COMP.
  000299C                  10 EPSPCOM-ERRMSG           PIC X(80).
  000300C                  10 EPSPCOM-PROGRAM-RETCODE  PIC 9(4).
  000301C                     88 EPS02-REQUEST-SUCCESS VALUE 0.
  000302C                  10 EPSPCOM-PROGRAM-RETCODE-RDF
  000303C                          REDEFINES EPSPCOM-PROGRAM-RETCODE                              300
  000304C                                              PIC X(4).
  000305
  000306                PROCEDURE DIVISION USING DFHCOMMAREA.                                     283
  000307
  000308                EPSCMORT-MAINLINE.
  000309               * Call procedure to do SQL call
  000310                    PERFORM A805-DUMMY-SQL-CALL                                           468
  000311                    MOVE LENGTH OF DFHCOMMAREA to W-COMAREA-LENGTH.                       IMP 283 40
  000312                    MOVE DFHCOMMAREA to W-COMMUNICATION-AREA.                             283 246
  000313                    EVALUATE TRUE
  000314                        WHEN EIBCALEN = ZERO                                              IMP IMP
  000315               * First time in - Show Screen
  000316      1                     MOVE LOW-VALUES TO EPMENUO                                    IMP 207
  000317      1                     SET SEND-ERASE TO TRUE                                        20
  000318      1                     PERFORM A300-SEND-MAP                                         388
  000319      1                     MOVE '3' TO
  000320      1                        PROCESS-INDICATOR OF W-COMMUNICATION-AREA                  248 246
  000321                        WHEN EIBAID = DFHCLEAR                                            IMP 115
  000322               * Process CLEAR key
  000323      1                     MOVE LOW-VALUES TO EPMENUO                                    IMP 207
  000324      1                     SET SEND-ERASE TO TRUE                                        20
  000325      1                     PERFORM A300-SEND-MAP                                         388
  000326                        WHEN EIBAID = DFHPF3 OR DFHPF12                                   IMP 127 136
  000327               * Process END/RETURN keys
  000328      1                    IF PROCESS-INDICATOR OF W-COMMUNICATION-AREA = '3'             248 246
  000329      2                        EXEC CICS
  000330      2                           SEND TEXT FROM (END-OF-TRANS-MSG)
  000331      2                           ERASE
  000332      2                           FREEKB
  000333      2                        END-EXEC                                                   EXT IMP
  000334      2                        EXEC CICS
  000335      2                             RETURN
  000336      2                        END-EXEC                                                   EXT
  000337      1                     ELSE
  000338      2                        SET SEND-ALL TO TRUE                                       24
  000339      2                        EXEC CICS
  000340      2                           SEND TEXT FROM (BLANK-MSG)
  000341      2                           ERASE
  000342      2                           FREEKBPP 5655-EC6 IBM Enterprise COBOL for z/OS  6.3.0 P190821       EPSCMORT  Date 01/20/2021  Time 15:26:05   Page    10
  LineID  PL SL  ----+-*A-1-B--+----2----+----3----+----4----+----5----+----6----+----7-|--+----8 Map and Cross Reference

  000343      2                        END-EXEC                                                   EXT IMP
  000344      2                        PERFORM A300-SEND-MAP                                      388
  000345      2                        MOVE '3' TO
  000346      2                            PROCESS-INDICATOR OF W-COMMUNICATION-AREA              248 246
  000347      1                     END-IF
  000348                        WHEN EIBAID = DFHPF9                                              IMP 133
  000349      1                     MOVE '9' TO
  000350      1                        PROCESS-INDICATOR OF W-COMMUNICATION-AREA                  248 246
  000351      1                     EXEC CICS LINK PROGRAM( 'EPSMLIST' )
  000352      1                            COMMAREA( W-COMMUNICATION-AREA )
  000353      1                     END-EXEC                                                      EXT IMP
  000354                        WHEN EIBAID = DFHENTER                                            IMP 114
  000355               * Process ENTER Key
  000356      1                     IF PROCESS-INDICATOR OF W-COMMUNICATION-AREA = '3'            248 246
  000357      2                        PERFORM A100-PROCESS-MAP                                   381
  000358      1                     ELSE
  000359      2                        EXEC CICS LINK PROGRAM('EPSMLIST')
  000360      2                               COMMAREA( W-COMMUNICATION-AREA )
  000361      2                        END-EXEC                                                   EXT IMP
  000362      1                     END-IF
  000363                        WHEN OTHER
  000364               * Process Data
  000365      1                      IF PROCESS-INDICATOR OF W-COMMUNICATION-AREA = '3'           248 246
  000366      2                        PERFORM A600-CALCULATE-MORTGAGE                            450
  000367      2                        EXEC CICS RETURN END-EXEC                                  EXT
  000368               *             ELSE
  000369               *                MOVE X'E8' TO MSGERRA
  000370               *                MOVE LOW-VALUES TO EPMENUO
  000371               *                SET SEND-DATAONLY-ALARM TO TRUE
  000372               *                PERFORM A300-SEND-MAP
  000373      1                      END-IF
  000374                    END-EVALUATE
  000375                    EXEC CICS
  000376                        RETURN TRANSID('EPSP')
  000377                        COMMAREA(W-COMMUNICATION-AREA)
  000378                        LENGTH(W-COMAREA-LENGTH)
  000379                    END-EXEC.                                                             EXT 40
  000380
  000381                A100-PROCESS-MAP.
  000382                    PERFORM A400-RECEIVE-MAP.                                             420
  000383                    PERFORM A600-CALCULATE-MORTGAGE                                       450
  000384                    SET SEND-DATAONLY TO TRUE                                             21
  000385                    PERFORM A300-SEND-MAP                                                 388
  000386                        .
  000387
  000388                A300-SEND-MAP.
  000389                    EVALUATE TRUE
  000390                       WHEN SEND-MAPONLY                                                  22
  000391      1                     EXEC CICS
  000392      1                       SEND MAP ('EPMENU')
  000393      1                         MAPSET('EPSMORT')
  000394      1                         MAPONLY
  000395      1                         CURSOR
  000396      1                     END-EXEC                                                      EXT IMP
  000397                       WHEN SEND-ERASE                                                    20
  000398      1                     EXEC CICS
  000399      1                       SEND MAP ('EPMENU')PP 5655-EC6 IBM Enterprise COBOL for z/OS  6.3.0 P190821       EPSCMORT  Date 01/20/2021  Time 15:26:05   Page    11
  LineID  PL SL  ----+-*A-1-B--+----2----+----3----+----4----+----5----+----6----+----7-|--+----8 Map and Cross Reference

  000400      1                           MAPSET('EPSMORT')
  000401      1                           FROM(EPMENUO)
  000402      1                           ERASE
  000403      1                           CURSOR
  000404      1                     END-EXEC                                                      EXT IMP
  000405                       WHEN SEND-DATAONLY                                                 21
  000406      1                     EXEC CICS
  000407      1                       SEND MAP ('EPMENU')
  000408      1                           MAPSET('EPSMORT')
  000409      1                           FROM(EPMENUO)
  000410      1                           DATAONLY
  000411      1                           CURSOR
  000412      1                     END-EXEC                                                      EXT IMP
  000413                       WHEN SEND-ALL                                                      24
  000414      1                     EXEC CICS
  000415      1                       SEND MAP ('EPMENU')
  000416      1                           MAPSET('EPSMORT')
  000417      1                           FROM(EPMENUO)
  000418      1                       END-EXEC.                                                   EXT IMP
  000419
  000420                A400-RECEIVE-MAP.
  000421                    EXEC CICS
  000422                         RECEIVE MAP('EPMENU')
  000423                            MAPSET('EPSMORT')
  000424                            INTO (EPMENUI)
  000425                    END-EXEC.                                                             EXT IMP
  000426
  000427                    MOVE EPLOANI        TO EPSPARM-VALIDATE-DATA.                         164 272
  000428                    MOVE LENGTH OF EPLOANI                                                IMP 164
  000429                                        TO EPSPARM-MAX-LENGTH.                            273
  000430                    CALL 'EPSNBRVL' USING EPS-NUMBER-VALIDATION.                          EXT 270
  000431                    COMPUTE EPSPCOM-PRINCIPLE-DATA                                        252
  000432                         OF W-COMMUNICATION-AREA                                          246
  000433                         = EPSPARM-NUMBER + EPSPARM-DECIMAL.                              275 276
  000434
  000435                    MOVE EPYEARSI             TO EPSPARM-VALIDATE-DATA.                   176 272
  000436                    MOVE LENGTH OF EPYEARSI   TO EPSPARM-MAX-LENGTH.                      IMP 176 273
  000437                    CALL 'EPSNBRVL' USING EPS-NUMBER-VALIDATION.                          EXT 270
  000438                    COMPUTE EPSPCOM-NUMBER-OF-YEARS                                       253
  000439                         OF W-COMMUNICATION-AREA                                          246
  000440                         = EPSPARM-NUMBER + EPSPARM-DECIMAL.                              275 276
  000441
  000442                    MOVE EPRATEI              TO EPSPARM-VALIDATE-DATA.                   188 272
  000443                    MOVE LENGTH OF EPRATEI    TO EPSPARM-MAX-LENGTH.                      IMP 188 273
  000444                    CALL 'EPSNBRVL' USING EPS-NUMBER-VALIDATION.                          EXT 270
  000445                    COMPUTE EPSPCOM-QUOTED-INTEREST-RATE                                  255
  000446                         OF W-COMMUNICATION-AREA                                          246
  000447                         = EPSPARM-NUMBER + EPSPARM-DECIMAL.                              275 276
  000448
  000449
  000450                A600-CALCULATE-MORTGAGE.
  000451                    MOVE 'Y' TO EPSPCOM-YEAR-MONTH-IND                                    257
  000452                                    OF W-COMMUNICATION-AREA.                              246
  000453                    MOVE 'EPSCSMRT' TO W-CALL-PROGRAM                                     37
  000454                    EXEC CICS LINK PROGRAM( W-CALL-PROGRAM )
  000455                                   COMMAREA( W-COMMUNICATION-AREA )
  000456                    END-EXEC                                                              EXT IMPPP 5655-EC6 IBM Enterprise COBOL for z/OS  6.3.0 P190821       EPSCMORT  Date 01/20/2021  Time 15:26:05   Page    12
  LineID  PL SL  ----+-*A-1-B--+----2----+----3----+----4----+----5----+----6----+----7-|--+----8 Map and Cross Reference

  000457                    .
  000458                    MOVE EPSPCOM-RETURN-MONTH-PAYMENT                                     260
  000459                                      OF W-COMMUNICATION-AREA                             246
  000460                                      TO WS-FORMAT-NUMBER.                                31
  000461
  000462                    MOVE WS-FORMAT-NUMBER                                                 31
  000463                                      TO EPPAYMNTO.                                       240
  000464                    MOVE EPSPCOM-ERRMSG                                                   262
  000465                                      OF W-COMMUNICATION-AREA                             246
  000466                                      TO MSGERRO.                                         244
  000467
  000468                A805-DUMMY-SQL-CALL.
  000469                    EXEC SQL
  000470                        SELECT IBMREQD
  000471                             INTO :IBMREQD                                                78
  000472                             FROM SYSIBM.SYSDUMMY1
  000473                    END-EXEC.                                                             EXT IMP
  000474               *
  000475                    IF SQLCODE = 100                                                      52
  000476      1                 MOVE 'No rows found on SYSDUMM1.' TO MSGERRO                      244
  000477                    ELSE
  000478      1                 IF SQLCODE NOT = 0                                                52
  000479      2                     MOVE SQLCODE TO SQL-ERROR-CODE                                52 44
  000480      2                     MOVE SQL-ERROR-MSG TO MSGERRO                                 42 244
  000481      1                 END-IF
  000482                    END-IF.
  000483               *PP 5655-EC6 IBM Enterprise COBOL for z/OS  6.3.0 P190821       EPSCMORT  Date 01/20/2021  Time 15:26:05   Page    13

An "M" preceding a data-name reference indicates that the data-name is modified by this reference.

 Defined   Cross-reference of data names   References

      82   BLANK-MSG
     112   DFHAID
       0   DFHB0020 . . . . . . . . . . .  333 343 353 361 396 456
       0   DFHB0021 . . . . . . . . . . .  404 412
     115   DFHCLEAR . . . . . . . . . . .  321
     116   DFHCLRP
     283   DFHCOMMAREA. . . . . . . . . .  306 311 312
       0   DFHC0071 . . . . . . . . . . .  418 425
     114   DFHENTER . . . . . . . . . . .  354
     119   DFHMSRE
     113   DFHNULL
     118   DFHOPID
     122   DFHPA1
     123   DFHPA2
     124   DFHPA3
     117   DFHPEN
     125   DFHPF1
     134   DFHPF10
     135   DFHPF11
     136   DFHPF12. . . . . . . . . . . .  326
     137   DFHPF13
     138   DFHPF14
     139   DFHPF15
     140   DFHPF16
     141   DFHPF17
     142   DFHPF18
     143   DFHPF19
     126   DFHPF2
     144   DFHPF20
     145   DFHPF21
     146   DFHPF22
     147   DFHPF23
     148   DFHPF24
     127   DFHPF3 . . . . . . . . . . . .  326
     128   DFHPF4
     129   DFHPF5
     130   DFHPF6
     131   DFHPF7
     132   DFHPF8
     133   DFHPF9 . . . . . . . . . . . .  348
     120   DFHSTRF
     121   DFHTRIG
       0   EIBAID . . . . . . . . . . . .  321 326 348 354
       0   EIBCALEN . . . . . . . . . . .  314
      80   END-OF-TRANS-MSG
     180   EPDIFF1A
     226   EPDIFF1C
     178   EPDIFF1F . . . . . . . . . . .  179
     227   EPDIFF1H
     182   EPDIFF1I
     177   EPDIFF1L
     228   EPDIFF1O
     192   EPDIFF2A
     234   EPDIFF2CPP 5655-EC6 IBM Enterprise COBOL for z/OS  6.3.0 P190821       EPSCMORT  Date 01/20/2021  Time 15:26:05   Page    14

 Defined   Cross-reference of data names   References


     190   EPDIFF2F . . . . . . . . . . .  191
     235   EPDIFF2H
     194   EPDIFF2I
     189   EPDIFF2L
     236   EPDIFF2O
     162   EPLOANA
     214   EPLOANC
     160   EPLOANF. . . . . . . . . . . .  161
     215   EPLOANH
     164   EPLOANI. . . . . . . . . . . .  427 428
     159   EPLOANL
     216   EPLOANO
     151   EPMENUI. . . . . . . . . . . .  207
     207   EPMENUO. . . . . . . . . . . .  M316 M323
     198   EPPAYMNTA
     238   EPPAYMNTC
     196   EPPAYMNTF. . . . . . . . . . .  197
     239   EPPAYMNTH
     200   EPPAYMNTI
     195   EPPAYMNTL
     240   EPPAYMNTO. . . . . . . . . . .  M463
     186   EPRATEA
     230   EPRATEC
     184   EPRATEF. . . . . . . . . . . .  185
     231   EPRATEH
     188   EPRATEI. . . . . . . . . . . .  442 443
     183   EPRATEL
     232   EPRATEO
     270   EPS-NUMBER-VALIDATION. . . . .  430 437 444
     277   EPSPARM-BINARY-NUMBER
     276   EPSPARM-DECIMAL. . . . . . . .  433 440 447
     273   EPSPARM-MAX-LENGTH . . . . . .  M429 M436 M443
     275   EPSPARM-NUMBER . . . . . . . .  433 440 447
     278   EPSPARM-RETURN-ERROR
     272   EPSPARM-VALIDATE-DATA. . . . .  M427 M435 M442
     262   EPSPCOM-ERRMSG . . . . . . . .  464
     299   EPSPCOM-ERRMSG
     254   EPSPCOM-NUMBER-OF-MONTHS
     291   EPSPCOM-NUMBER-OF-MONTHS
     253   EPSPCOM-NUMBER-OF-YEARS. . . .  M438
     290   EPSPCOM-NUMBER-OF-YEARS
     252   EPSPCOM-PRINCIPLE-DATA . . . .  M431
     289   EPSPCOM-PRINCIPLE-DATA
     263   EPSPCOM-PROGRAM-RETCODE. . . .  266
     300   EPSPCOM-PROGRAM-RETCODE. . . .  303
     265   EPSPCOM-PROGRAM-RETCODE-RDF
     302   EPSPCOM-PROGRAM-RETCODE-RDF
     255   EPSPCOM-QUOTED-INTEREST-RATE .  M445
     292   EPSPCOM-QUOTED-INTEREST-RATE
     260   EPSPCOM-RETURN-MONTH-PAYMENT .  458
     297   EPSPCOM-RETURN-MONTH-PAYMENT
     257   EPSPCOM-YEAR-MONTH-IND . . . .  M451
     294   EPSPCOM-YEAR-MONTH-IND
     264   EPS02-REQUEST-SUCCESS
     301   EPS02-REQUEST-SUCCESSPP 5655-EC6 IBM Enterprise COBOL for z/OS  6.3.0 P190821       EPSCMORT  Date 01/20/2021  Time 15:26:05   Page    15

 Defined   Cross-reference of data names   References


     174   EPYEARSA
     222   EPYEARSC
     172   EPYEARSF . . . . . . . . . . .  173
     223   EPYEARSH
     176   EPYEARSI . . . . . . . . . . .  435 436
     171   EPYEARSL
     224   EPYEARSO
      78   IBMREQD. . . . . . . . . . . .  471
     156   LITLOANA
     210   LITLOANC
     154   LITLOANF . . . . . . . . . . .  155
     211   LITLOANH
     158   LITLOANI
     153   LITLOANL
     212   LITLOANO
     168   LITYEARSA
     218   LITYEARSC
     166   LITYEARSF. . . . . . . . . . .  167
     219   LITYEARSH
     170   LITYEARSI
     165   LITYEARSL
     220   LITYEARSO
     204   MSGERRA
     242   MSGERRC
     202   MSGERRF. . . . . . . . . . . .  203
     243   MSGERRH
     206   MSGERRI
     201   MSGERRL
     244   MSGERRO. . . . . . . . . . . .  M466 M476 M480
     248   PROCESS-INDICATOR. . . . . . .  M320 328 M346 M350 356 365
     285   PROCESS-INDICATOR
      24   SEND-ALL . . . . . . . . . . .  M338 413
      21   SEND-DATAONLY. . . . . . . . .  M384 405
      23   SEND-DATAONLY-ALARM
      20   SEND-ERASE . . . . . . . . . .  M317 M324 397
      22   SEND-MAPONLY . . . . . . . . .  390
       0   SQL---PLIST. . . . . . . . . .  473
      44   SQL-ERROR-CODE . . . . . . . .  M479
      42   SQL-ERROR-MSG. . . . . . . . .  480
      49   SQLCA
      51   SQLCABC
      50   SQLCAID
      52   SQLCODE. . . . . . . . . . . .  475 478 479
      57   SQLERRD
      53   SQLERRM
      55   SQLERRMC
      54   SQLERRML
      56   SQLERRP
      68   SQLEXT
      72   SQLSTATE
      59   SQLWARN
      71   SQLWARNA
      60   SQLWARN0
      61   SQLWARN1
      62   SQLWARN2PP 5655-EC6 IBM Enterprise COBOL for z/OS  6.3.0 P190821       EPSCMORT  Date 01/20/2021  Time 15:26:05   Page    16

 Defined   Cross-reference of data names   References


      63   SQLWARN3
      64   SQLWARN4
      65   SQLWARN5
      66   SQLWARN6
      67   SQLWARN7
      69   SQLWARN8
      70   SQLWARN9
      37   W-CALL-PROGRAM . . . . . . . .  M453
      40   W-COMAREA-LENGTH . . . . . . .  M311 379
     246   W-COMMUNICATION-AREA . . . . .  M312 320 328 346 350 356 365 432 439 446 452 459 465
      26   W-CONVERSIONS
      18   W-FLAGS
      27   W-PMT-CNVRT. . . . . . . . . .  29
      28   W-PMT-NUMBER
      32   W-PRINC-CNVRT. . . . . . . . .  34
      33   W-PRINC-NUMBER
      39   W-RETIREMENT-WA
      19   W-SEND-FLAG
      31   WS-FORMAT-NUMBER . . . . . . .  M460 462PP 5655-EC6 IBM Enterprise COBOL for z/OS  6.3.0 P190821       EPSCMORT  Date 01/20/2021  Time 15:26:05   Page    17

Context usage is indicated by the letter preceding a procedure-name reference.
These letters and their meanings are:
    A = ALTER (procedure-name)
    D = GO TO (procedure-name) DEPENDING ON
    E = End of range of (PERFORM) through (procedure-name)
    G = GO TO (procedure-name)
    P = PERFORM (procedure-name)
    T = (ALTER) TO PROCEED TO (procedure-name)
    U = USE FOR DEBUGGING (procedure-name)

 Defined   Cross-reference of procedures   References

     381   A100-PROCESS-MAP . . . . . . .  P357
     388   A300-SEND-MAP. . . . . . . . .  P318 P325 P344 P385
     420   A400-RECEIVE-MAP . . . . . . .  P382
     450   A600-CALCULATE-MORTGAGE. . . .  P366 P383
     468   A805-DUMMY-SQL-CALL. . . . . .  P310
     308   EPSCMORT-MAINLINEPP 5655-EC6 IBM Enterprise COBOL for z/OS  6.3.0 P190821       EPSCMORT  Date 01/20/2021  Time 15:26:05   Page    18

 Defined   Cross-reference of programs     References

EXTERNAL   DFHEI1 . . . . . . . . . . . .  333 336 343 353 361 367 379 396 404 412 418 425 456
EXTERNAL   DSNHLI . . . . . . . . . . . .  473
       2   EPSCMORT
EXTERNAL   EPSNBRVL . . . . . . . . . . .  430 437 444PP 5655-EC6 IBM Enterprise COBOL for z/OS  6.3.0 P190821       EPSCMORT  Date 01/20/2021  Time 15:26:05   Page    19


         COPY/BASIS cross-reference of text-names, library names and dataset information

 Text-name Library   File name                                    Concat   ISPF statistics
 (Member)  (DDNAME)  (Dataset name)                               Level    Created         Changed

 DFHAID    SYSLIB    DFH550.CICS.SDFHCOB                            2
 EPSMORT   SYSLIB    IBMUSER.MORTGAGE.JENKINS.BMS.COPY              1
 EPSMTCOM  SYSLIB    IBMUSER.MORTGAGE.JENKINS.COPY                  0
 EPSMTINP  SYSLIB    IBMUSER.MORTGAGE.JENKINS.COPY                  0
 EPSMTOUT  SYSLIB    IBMUSER.MORTGAGE.JENKINS.COPY                  0
 EPSNBRPM  SYSLIB    IBMUSER.MORTGAGE.JENKINS.COPY                  0
PP 5655-EC6 IBM Enterprise COBOL for z/OS  6.3.0 P190821       EPSCMORT  Date 01/20/2021  Time 15:26:05   Page    20

LineID  Message code  Message text

        IGYDS0139-W   Diagnostic messages were issued during processing of compiler options.  These messages are located at the
                      beginning of the listing.


Messages    Total    Informational    Warning    Error    Severe    Terminating

Printed:       5           3              2


* Statistics for COBOL program EPSCMORT:
*    Source records = 840
*    Data Division statements = 360
*    Procedure Division statements = 61
*    Generated COBOL statements = 61
*    Program complexity factor = 127

End of compilation 1,  program EPSCMORT,  highest severity 4.

Return code 4
1z/OS V2 R4 BINDER     15:26:10 WEDNESDAY JANUARY 20, 2021
 BATCH EMULATOR  JOB(IBMUSER8) STEP(*OMVSEX ) PGM= IEWBLINK
 IEW2278I B352 INVOCATION PARAMETERS - MAP,RENT,COMPAT(PM5)

1                         *** M O D U L E  M A P ***

 ---------------
 CLASS  C_CODE            LENGTH =     27D8  ATTRIBUTES = CAT,   LOAD, RMODE=ANY
                          OFFSET =        0 IN SEGMENT 001     ALIGN = DBLWORD
 ---------------

  SECTION    CLASS                                      ------- SOURCE --------
   OFFSET   OFFSET  NAME                TYPE    LENGTH  DDNAME   SEQ  MEMBER

                 0  EPSCMORT           CSECT      1668  SYSLIN    01  **NULL**
        0        0     EPSCMORT#C         LABEL
        0        0     EPSCMORT           LABEL

              1668  EPSNBRVL        *  CSECT      1170  SYSLIB    01  EPSNBRVL
        0     1668     EPSNBRVL#C         LABEL
        0     1668     EPSNBRVL           LABEL

 ---------------
 CLASS  C_@@PPA2          LENGTH =       10  ATTRIBUTES = MRG,   LOAD, RMODE=ANY
                          OFFSET =     27D8 IN SEGMENT 001     ALIGN = DBLWORD
 ---------------

             CLASS
            OFFSET  NAME                TYPE    LENGTH   SECTION
                 0  $PRIV000010      PART             8  EPSCMORT
                 8  $PRIV000012      PART             8  EPSNBRVL

 ---------------
 CLASS  C_@@CSINIT        LENGTH =        8  ATTRIBUTES = MRG,   LOAD, RMODE=ANY
                          OFFSET =     27E8 IN SEGMENT 001     ALIGN = DBLWORD
 ---------------

             CLASS
            OFFSET  NAME                TYPE    LENGTH   SECTION
                 0  $PRIV000011      PART             4  EPSCMORT
                 4  $PRIV000013      PART             4  EPSNBRVL

 ---------------
 CLASS  B_TEXT            LENGTH =      C9A  ATTRIBUTES = CAT,   LOAD, RMODE=ANY
                          OFFSET =     27F0 IN SEGMENT 001     ALIGN = DBLWORD
 ---------------

  SECTION    CLASS                                      ------- SOURCE --------
   OFFSET   OFFSET  NAME                TYPE    LENGTH  DDNAME   SEQ  MEMBER

                 0  IGZXBS61        *  CSECT        10  SYSLIB    02  IGZXBS61

                10  CEESG004        *  CSECT        34  SYSLIB    02  CEESG004

                48  IGZXRT1         *  CSECT        12  SYSLIB    02  IGZXRT1

                60  IGZXVMO         *  CSECT        12  SYSLIB    02  IGZXVMO

                78  IGZXCMSG        *  CSECT        12  SYSLIB    02  IGZXCMSG

                90  IGZXPRS         *  CSECT        12  SYSLIB    02  IGZXPRS

                A8  DSNCLI          *  CSECT        6C  SYSLIB    03  DSNHLI
        0       A8     DSNHLI             LABEL
1                         *** M O D U L E  M A P ***

  SECTION    CLASS                                      ------- SOURCE --------
   OFFSET   OFFSET  NAME                TYPE    LENGTH  DDNAME   SEQ  MEMBER

       30       D8     DSNWLI             LABEL

               118  DFHEAI          *  CSECT        28  SYSLIB    03  DFHEI1
        8      120     DFHEI1             LABEL

               140  IGZXBST4        *  CSECT       4E0  SYSLIB    02  IGZXBST4

               620  CEEBETBL        *  CSECT        28  SYSLIB    02  CEEBETBL

               648  CEESTART        *  CSECT        B0  SYSLIB    02  CEESTART

               6F8  CEEBPUBT        *  CSECT        70  SYSLIB    02  CEEBPUBT

               768  CEEBTRM         *  CSECT        74  SYSLIB    02  CEEBTRM

               7E0  CEECPYRT        *  CSECT        CF  SYSLIB    02  CEEBTRM

               8B0  CEEBLLST        *  CSECT        5C  SYSLIB    02  CEEBLLST
       10      8C0     CEELLIST           LABEL

               910  CEEBINT         *  CSECT         8  SYSLIB    02  CEEBINT

               918  CEEARLU         *  CSECT        B8  SYSLIB    02  CEEARLU

               9D0  CEEBPIRA        *  CSECT       2A0  SYSLIB    02  CEEINT
        0      9D0     CEEINT             LABEL
        0      9D0     CEEBPIRB           LABEL
        0      9D0     CEEBPIRC           LABEL

               C70  IGZXTREN        *  CSECT        12  SYSLIB    02  IGZXTREN

               C88  IGZXRTN         *  CSECT        12  SYSLIB    02  IGZXRTN
1                         *** M O D U L E  M A P ***

 ---------------
 CLASS  B_LIT             LENGTH =      100  ATTRIBUTES = CAT,   LOAD, RMODE=ANY
                          OFFSET =     3490 IN SEGMENT 001     ALIGN = DBLWORD
 ---------------

  SECTION    CLASS                                      ------- SOURCE --------
   OFFSET   OFFSET  NAME                TYPE    LENGTH  DDNAME   SEQ  MEMBER

                 0  IEWBLIT            CSECT       100                **NULL**
        0        0     IEWBLIT            LABEL

 ---------------
 CLASS  C_WSA             LENGTH =      160  ATTRIBUTES = MRG, DEFER , RMODE=ANY
                          OFFSET =        0 IN SEGMENT 002     ALIGN = DBLWORD
 ---------------

             CLASS
            OFFSET  NAME                TYPE    LENGTH   SECTION
                 0  $PRIV000014      PART            10
                10  EPSCMORT#S       PART            BC  EPSCMORT
                D0  EPSNBRVL#S       PART            90  EPSNBRVL

 ---------------
 CLASS  C_CEESG003        LENGTH =        0  ATTRIBUTES = CAT, NOLOAD

 ---------------

  SECTION    CLASS                                      ------- SOURCE --------
   OFFSET   OFFSET  NAME                TYPE    LENGTH  DDNAME   SEQ  MEMBER

                 0  EPSCMORT           CSECT         0  SYSLIN    01  **NULL**

                 0  EPSNBRVL        *  CSECT         0  SYSLIB    01  EPSNBRVL
1          ***  DATA SET SUMMARY  ***

 DDNAME    CONCAT   FILE IDENTIFICATION

 SYSLIB      01     IBMUSER.MORTGAGE.JENKINS.OBJ
 SYSLIB      02     CEE.SCEELKED
 SYSLIB      03     DFH550.CICS.SDFHLOAD
 SYSLIN      01     SYS21020.T152605.RA000.IBMUSER8.TEMPOBJ.H01
1          *** SYMBOL REFERENCES NOT ASSOCIATED WITH ANY ADCON ***

 TYPE   SCOPE   NAME


           *** E N D  O F  M O D U L E  M A P ***



                                 *** O P E R A T I O N   S U M M A R Y   R E P O R T ***

1PROCESSING OPTIONS:

    ALIASES             NO
    ALIGN2              NO
    AMODE               UNSPECIFIED
    CALL                YES
    CASE                UPPER
    COMPAT              ZOSV1R8
    COMPRESS            AUTO
    DCBS                NO
    DYNAM               NO
    EXTATTR             UNSPECIFIED
    EXITS:              NONE
    FILL                NONE
    GID                 UNSPECIFIED
    HOBSET              NO
    INFO                NO
    LET                 04
    LINECT              060
    LIST                SUMMARY
    LISTPRIV            NO
    LONGPARM            NO
    MAP                 YES
    MAXBLK              032760
    MODMAP              NO
    MSGLEVEL            00
    OVLY                NO
    PRINT               YES
    RES                 NO
    REUSABILITY         REENTRANT
    RMODE               UNSPECIFIED
    RMODEX              NO
    SIGN                NO
    STORENX             NOREPLACE
    STRIPCL             NO
    STRIPSEC            NO
    SYMTRACE
    TERM                NO
    TRAP                ON
    UID                 UNSPECIFIED
    UPCASE              NO
    WKSPACE             000000K,000000K
    XCAL                NO
    XREF                NO
    ***END OF OPTIONS***




1SAVE OPERATION SUMMARY:

    MEMBER NAME         EPSCMORT
    LOAD LIBRARY        IBMUSER.MORTGAGE.JENKINS.LOAD
    PROGRAM TYPE        PROGRAM OBJECT(FORMAT 5 OS COMPAT LEVEL z/OS V1R8 )
    VOLUME SERIAL       USER01
    DISPOSITION         REPLACED
    TIME OF SAVE        15.26.11  JAN 20, 2021


1SAVE MODULE ATTRIBUTES:

    AC                  000
    AMODE                31
    COMPRESSION         BINDER DATA
    DC                  NO
    EDITABLE            YES
    EXCEEDS 16MB        NO
    EXECUTABLE          YES
    LONGPARM            NO
    MIGRATABLE          NO
    OL                  NO
    OVLY                NO
    PACK,PRIME          NO,NO
    PAGE ALIGN          NO
    REFR                NO
    RENT                YES
    REUS                YES
    RMODE               ANY
    SCTR                NO
    SIGN                NO
    SSI
    SYM GENERATED       NO
    TEST                NO
    XPLINK              NO
    MODULE SIZE (HEX)   000036F0
    DASD SIZE (HEX)     0000A000


1 ENTRY POINT AND ALIAS SUMMARY:

  NAME:            ENTRY TYPE AMODE C_OFFSET CLASS NAME        STATUS

  EPSCMORT          MAIN_EP      31 00000000 C_CODE

                          *** E N D   O F   O P E R A T I O N   S U M M A R Y   R E P O R T ***




1z/OS V2 R4 BINDER     15:26:10 WEDNESDAY JANUARY 20, 2021
 BATCH EMULATOR  JOB(IBMUSER8) STEP(*OMVSEX ) PGM= IEWBLINK
 IEW2008I 0F03 PROCESSING COMPLETED.  RETURN CODE =  0.



1----------------------
 MESSAGE SUMMARY REPORT
 ----------------------
  TERMINAL MESSAGES      (SEVERITY = 16)
  NONE

  SEVERE MESSAGES        (SEVERITY = 12)
  NONE

  ERROR MESSAGES         (SEVERITY = 08)
  NONE

  WARNING MESSAGES       (SEVERITY = 04)
  NONE

  INFORMATIONAL MESSAGES (SEVERITY = 00)
  2008  2278


  **** END OF MESSAGE SUMMARY REPORT ****

